<?xml version="1.0" encoding="utf-8"?><testsuites name="pytest tests"><testsuite name="pytest" errors="0" failures="0" skipped="0" tests="3" time="17.443" timestamp="2025-11-01T21:00:54.451385+09:00" hostname="DESKTOP-G9J4QI8"><testcase classname="test_HomePage.TestHomePage" name="test_formSubmission[getData0]" time="4.161" /><testcase classname="test_HomePage.TestHomePage" name="test_formSubmission[getData1]" time="0.764" /><testcase classname="test_e2e.TestOne" name="test_e2e" time="12.472" /></testsuite></testsuites>